<?xml version="1.0" encoding="utf-8"?>
<coverage line-rate="1" branch-rate="1" version="1.9" timestamp="1639402115" lines-covered="75" lines-valid="75" branches-covered="4" branches-valid="4">
  <sources>
    <source>D:\Nagarro Documents\Nagarro\NAGP 2021\Workshops\Unit Testing\Assignment\eBroker\eBroker.Repository\</source>
  </sources>
  <packages>
    <package name="eBroker.Repository" line-rate="1" branch-rate="1" complexity="27">
      <classes>
        <class name="eBroker.Repository.ApiContext" filename="ApiContext.cs" line-rate="1" branch-rate="1" complexity="4">
          <methods>
            <method name="get_Equities" signature="()" line-rate="1" branch-rate="1" complexity="1">
              <lines>
                <line number="17" hits="77" branch="False" />
              </lines>
            </method>
            <method name="get_TraderEquities" signature="()" line-rate="1" branch-rate="1" complexity="1">
              <lines>
                <line number="22" hits="68" branch="False" />
              </lines>
            </method>
            <method name="get_TraderFunds" signature="()" line-rate="1" branch-rate="1" complexity="1">
              <lines>
                <line number="27" hits="61" branch="False" />
              </lines>
            </method>
            <method name=".ctor" signature="(Microsoft.EntityFrameworkCore.DbContextOptions)" line-rate="1" branch-rate="1" complexity="1">
              <lines>
                <line number="33" hits="41" branch="False" />
                <line number="34" hits="41" branch="False" />
                <line number="35" hits="41" branch="False" />
              </lines>
            </method>
          </methods>
          <lines>
            <line number="17" hits="77" branch="False" />
            <line number="22" hits="68" branch="False" />
            <line number="27" hits="61" branch="False" />
            <line number="33" hits="41" branch="False" />
            <line number="34" hits="41" branch="False" />
            <line number="35" hits="41" branch="False" />
          </lines>
        </class>
        <class name="eBroker.Repository.Model.Equity" filename="Model\Equity.cs" line-rate="1" branch-rate="1" complexity="3">
          <methods>
            <method name="get_Id" signature="()" line-rate="1" branch-rate="1" complexity="1">
              <lines>
                <line number="17" hits="33" branch="False" />
              </lines>
            </method>
            <method name="get_EquityName" signature="()" line-rate="1" branch-rate="1" complexity="1">
              <lines>
                <line number="22" hits="34" branch="False" />
              </lines>
            </method>
            <method name="get_Price" signature="()" line-rate="1" branch-rate="1" complexity="1">
              <lines>
                <line number="27" hits="34" branch="False" />
              </lines>
            </method>
          </methods>
          <lines>
            <line number="17" hits="33" branch="False" />
            <line number="22" hits="34" branch="False" />
            <line number="27" hits="34" branch="False" />
          </lines>
        </class>
        <class name="eBroker.Repository.Model.TraderEquity" filename="Model\TraderEquity.cs" line-rate="1" branch-rate="1" complexity="4">
          <methods>
            <method name="get_Id" signature="()" line-rate="1" branch-rate="1" complexity="1">
              <lines>
                <line number="17" hits="4" branch="False" />
              </lines>
            </method>
            <method name="get_TraderId" signature="()" line-rate="1" branch-rate="1" complexity="1">
              <lines>
                <line number="22" hits="24" branch="False" />
              </lines>
            </method>
            <method name="get_EquityId" signature="()" line-rate="1" branch-rate="1" complexity="1">
              <lines>
                <line number="27" hits="24" branch="False" />
              </lines>
            </method>
            <method name="get_Quantity" signature="()" line-rate="1" branch-rate="1" complexity="1">
              <lines>
                <line number="32" hits="24" branch="False" />
              </lines>
            </method>
          </methods>
          <lines>
            <line number="17" hits="4" branch="False" />
            <line number="22" hits="24" branch="False" />
            <line number="27" hits="24" branch="False" />
            <line number="32" hits="24" branch="False" />
          </lines>
        </class>
        <class name="eBroker.Repository.Model.TraderFund" filename="Model\TraderFund.cs" line-rate="1" branch-rate="1" complexity="2">
          <methods>
            <method name="get_Id" signature="()" line-rate="1" branch-rate="1" complexity="1">
              <lines>
                <line number="17" hits="17" branch="False" />
              </lines>
            </method>
            <method name="get_RemainingBalance" signature="()" line-rate="1" branch-rate="1" complexity="1">
              <lines>
                <line number="22" hits="19" branch="False" />
              </lines>
            </method>
          </methods>
          <lines>
            <line number="17" hits="17" branch="False" />
            <line number="22" hits="19" branch="False" />
          </lines>
        </class>
        <class name="eBroker.Repository.Implementation.EquityRepository" filename="Implementation\EquityRepository.cs" line-rate="1" branch-rate="1" complexity="3">
          <methods>
            <method name="GetAll" signature="()" line-rate="1" branch-rate="1" complexity="1">
              <lines>
                <line number="40" hits="1" branch="False" />
                <line number="41" hits="1" branch="False" />
                <line number="42" hits="1" branch="False" />
              </lines>
            </method>
            <method name="GetById" signature="(System.Int32)" line-rate="1" branch-rate="1" complexity="1">
              <lines>
                <line number="50" hits="2" branch="False" />
                <line number="51" hits="2" branch="False" />
                <line number="52" hits="2" branch="False" />
              </lines>
            </method>
            <method name=".ctor" signature="(eBroker.Repository.ApiContext)" line-rate="1" branch-rate="1" complexity="1">
              <lines>
                <line number="26" hits="3" branch="False" />
                <line number="27" hits="3" branch="False" />
                <line number="28" hits="3" branch="False" />
                <line number="29" hits="3" branch="False" />
              </lines>
            </method>
          </methods>
          <lines>
            <line number="40" hits="1" branch="False" />
            <line number="41" hits="1" branch="False" />
            <line number="42" hits="1" branch="False" />
            <line number="50" hits="2" branch="False" />
            <line number="51" hits="2" branch="False" />
            <line number="52" hits="2" branch="False" />
            <line number="26" hits="3" branch="False" />
            <line number="27" hits="3" branch="False" />
            <line number="28" hits="3" branch="False" />
            <line number="29" hits="3" branch="False" />
          </lines>
        </class>
        <class name="eBroker.Repository.Implementation.TraderEquityRepository" filename="Implementation\TraderEquityRepository.cs" line-rate="1" branch-rate="1" complexity="6">
          <methods>
            <method name="GetAll" signature="()" line-rate="1" branch-rate="1" complexity="1">
              <lines>
                <line number="40" hits="2" branch="False" />
                <line number="41" hits="2" branch="False" />
                <line number="42" hits="2" branch="False" />
              </lines>
            </method>
            <method name="Get" signature="(System.Int32)" line-rate="1" branch-rate="1" complexity="1">
              <lines>
                <line number="50" hits="2" branch="False" />
                <line number="51" hits="2" branch="False" />
                <line number="52" hits="2" branch="False" />
              </lines>
            </method>
            <method name="Get" signature="(System.Int32,System.Int32)" line-rate="1" branch-rate="1" complexity="1">
              <lines>
                <line number="61" hits="4" branch="False" />
                <line number="62" hits="4" branch="False" />
                <line number="63" hits="4" branch="False" />
              </lines>
            </method>
            <method name="AddOrUpdate" signature="(eBroker.Repository.Model.TraderEquity)" line-rate="1" branch-rate="1" complexity="2">
              <lines>
                <line number="71" hits="2" branch="False" />
                <line number="72" hits="2" branch="False" />
                <line number="73" hits="2" branch="False" />
                <line number="74" hits="2" branch="False" />
                <line number="75" hits="2" branch="True" condition-coverage="100% (2/2)">
                  <conditions>
                    <condition number="237" type="jump" coverage="100%" />
                  </conditions>
                </line>
                <line number="76" hits="1" branch="False" />
                <line number="77" hits="1" branch="False" />
                <line number="78" hits="1" branch="False" />
                <line number="79" hits="1" branch="False" />
                <line number="80" hits="1" branch="False" />
                <line number="81" hits="1" branch="False" />
                <line number="82" hits="1" branch="False" />
                <line number="83" hits="1" branch="False" />
                <line number="84" hits="1" branch="False" />
                <line number="86" hits="2" branch="False" />
                <line number="87" hits="2" branch="False" />
                <line number="88" hits="2" branch="False" />
                <line number="90" hits="2" branch="False" />
                <line number="91" hits="2" branch="False" />
              </lines>
            </method>
            <method name=".ctor" signature="(eBroker.Repository.ApiContext)" line-rate="1" branch-rate="1" complexity="1">
              <lines>
                <line number="26" hits="10" branch="False" />
                <line number="27" hits="10" branch="False" />
                <line number="28" hits="10" branch="False" />
                <line number="29" hits="10" branch="False" />
              </lines>
            </method>
          </methods>
          <lines>
            <line number="40" hits="2" branch="False" />
            <line number="41" hits="2" branch="False" />
            <line number="42" hits="2" branch="False" />
            <line number="50" hits="2" branch="False" />
            <line number="51" hits="2" branch="False" />
            <line number="52" hits="2" branch="False" />
            <line number="61" hits="4" branch="False" />
            <line number="62" hits="4" branch="False" />
            <line number="63" hits="4" branch="False" />
            <line number="71" hits="2" branch="False" />
            <line number="72" hits="2" branch="False" />
            <line number="73" hits="2" branch="False" />
            <line number="74" hits="2" branch="False" />
            <line number="75" hits="2" branch="True" condition-coverage="100% (2/2)">
              <conditions>
                <condition number="237" type="jump" coverage="100%" />
              </conditions>
            </line>
            <line number="76" hits="1" branch="False" />
            <line number="77" hits="1" branch="False" />
            <line number="78" hits="1" branch="False" />
            <line number="79" hits="1" branch="False" />
            <line number="80" hits="1" branch="False" />
            <line number="81" hits="1" branch="False" />
            <line number="82" hits="1" branch="False" />
            <line number="83" hits="1" branch="False" />
            <line number="84" hits="1" branch="False" />
            <line number="86" hits="2" branch="False" />
            <line number="87" hits="2" branch="False" />
            <line number="88" hits="2" branch="False" />
            <line number="90" hits="2" branch="False" />
            <line number="91" hits="2" branch="False" />
            <line number="26" hits="10" branch="False" />
            <line number="27" hits="10" branch="False" />
            <line number="28" hits="10" branch="False" />
            <line number="29" hits="10" branch="False" />
          </lines>
        </class>
        <class name="eBroker.Repository.Implementation.TraderFundRepository" filename="Implementation\TraderFundRepository.cs" line-rate="1" branch-rate="1" complexity="5">
          <methods>
            <method name="GetAll" signature="()" line-rate="1" branch-rate="1" complexity="1">
              <lines>
                <line number="40" hits="1" branch="False" />
                <line number="41" hits="1" branch="False" />
                <line number="42" hits="1" branch="False" />
              </lines>
            </method>
            <method name="GetById" signature="(System.Int32)" line-rate="1" branch-rate="1" complexity="1">
              <lines>
                <line number="50" hits="3" branch="False" />
                <line number="51" hits="3" branch="False" />
                <line number="52" hits="3" branch="False" />
              </lines>
            </method>
            <method name="Update" signature="(eBroker.Repository.Model.TraderFund)" line-rate="1" branch-rate="1" complexity="2">
              <lines>
                <line number="59" hits="2" branch="False" />
                <line number="60" hits="2" branch="False" />
                <line number="62" hits="2" branch="True" condition-coverage="100% (2/2)">
                  <conditions>
                    <condition number="150" type="jump" coverage="100%" />
                  </conditions>
                </line>
                <line number="63" hits="1" branch="False" />
                <line number="65" hits="1" branch="False" />
                <line number="66" hits="1" branch="False" />
                <line number="67" hits="1" branch="False" />
                <line number="68" hits="1" branch="False" />
              </lines>
            </method>
            <method name=".ctor" signature="(eBroker.Repository.ApiContext)" line-rate="1" branch-rate="1" complexity="1">
              <lines>
                <line number="26" hits="5" branch="False" />
                <line number="27" hits="5" branch="False" />
                <line number="28" hits="5" branch="False" />
                <line number="29" hits="5" branch="False" />
              </lines>
            </method>
          </methods>
          <lines>
            <line number="40" hits="1" branch="False" />
            <line number="41" hits="1" branch="False" />
            <line number="42" hits="1" branch="False" />
            <line number="50" hits="3" branch="False" />
            <line number="51" hits="3" branch="False" />
            <line number="52" hits="3" branch="False" />
            <line number="59" hits="2" branch="False" />
            <line number="60" hits="2" branch="False" />
            <line number="62" hits="2" branch="True" condition-coverage="100% (2/2)">
              <conditions>
                <condition number="150" type="jump" coverage="100%" />
              </conditions>
            </line>
            <line number="63" hits="1" branch="False" />
            <line number="65" hits="1" branch="False" />
            <line number="66" hits="1" branch="False" />
            <line number="67" hits="1" branch="False" />
            <line number="68" hits="1" branch="False" />
            <line number="26" hits="5" branch="False" />
            <line number="27" hits="5" branch="False" />
            <line number="28" hits="5" branch="False" />
            <line number="29" hits="5" branch="False" />
          </lines>
        </class>
      </classes>
    </package>
  </packages>
</coverage>